<?xml version="1.0" encoding="UTF-8"?>
<testsuite xmlns:xsi="http://www.w3.org/2001/XMLSchema-instance" xsi:noNamespaceSchemaLocation="https://maven.apache.org/surefire/maven-surefire-plugin/xsd/surefire-test-report-3.0.xsd" version="3.0" name="TestSuite" time="48.092" tests="1" errors="0" skipped="0" failures="0">
  <properties>
    <property name="java.specification.version" value="15"/>
    <property name="webdriver.chrome.driver" value="C:\Users\52094750\.m2\repository\webdriver\chromedriver\win32\89.0.4389.23\chromedriver.exe"/>
    <property name="sun.cpu.isalist" value="amd64"/>
    <property name="sun.jnu.encoding" value="Cp1252"/>
    <property name="java.class.path" value="D:\java\nopcommerceV12\target\test-classes;D:\java\nopcommerceV12\target\classes;C:\Users\52094750\.m2\repository\org\seleniumhq\selenium\selenium-java\4.0.0-alpha-5\selenium-java-4.0.0-alpha-5.jar;C:\Users\52094750\.m2\repository\org\seleniumhq\selenium\selenium-api\4.0.0-alpha-5\selenium-api-4.0.0-alpha-5.jar;C:\Users\52094750\.m2\repository\org\seleniumhq\selenium\selenium-chrome-driver\4.0.0-alpha-5\selenium-chrome-driver-4.0.0-alpha-5.jar;C:\Users\52094750\.m2\repository\com\google\auto\service\auto-service-annotations\1.0-rc6\auto-service-annotations-1.0-rc6.jar;C:\Users\52094750\.m2\repository\com\google\auto\service\auto-service\1.0-rc6\auto-service-1.0-rc6.jar;C:\Users\52094750\.m2\repository\com\google\auto\auto-common\0.10\auto-common-0.10.jar;C:\Users\52094750\.m2\repository\com\google\guava\guava\28.2-jre\guava-28.2-jre.jar;C:\Users\52094750\.m2\repository\com\google\guava\failureaccess\1.0.1\failureaccess-1.0.1.jar;C:\Users\52094750\.m2\repository\com\google\guava\listenablefuture\9999.0-empty-to-avoid-conflict-with-guava\listenablefuture-9999.0-empty-to-avoid-conflict-with-guava.jar;C:\Users\52094750\.m2\repository\com\google\code\findbugs\jsr305\3.0.2\jsr305-3.0.2.jar;C:\Users\52094750\.m2\repository\org\checkerframework\checker-qual\2.10.0\checker-qual-2.10.0.jar;C:\Users\52094750\.m2\repository\com\google\errorprone\error_prone_annotations\2.3.4\error_prone_annotations-2.3.4.jar;C:\Users\52094750\.m2\repository\com\google\j2objc\j2objc-annotations\1.3\j2objc-annotations-1.3.jar;C:\Users\52094750\.m2\repository\org\seleniumhq\selenium\selenium-chromium-driver\4.0.0-alpha-5\selenium-chromium-driver-4.0.0-alpha-5.jar;C:\Users\52094750\.m2\repository\org\seleniumhq\selenium\selenium-devtools\4.0.0-alpha-5\selenium-devtools-4.0.0-alpha-5.jar;C:\Users\52094750\.m2\repository\org\seleniumhq\selenium\selenium-http\4.0.0-alpha-5\selenium-http-4.0.0-alpha-5.jar;C:\Users\52094750\.m2\repository\org\seleniumhq\selenium\selenium-json\4.0.0-alpha-5\selenium-json-4.0.0-alpha-5.jar;C:\Users\52094750\.m2\repository\org\seleniumhq\selenium\selenium-edge-driver\4.0.0-alpha-5\selenium-edge-driver-4.0.0-alpha-5.jar;C:\Users\52094750\.m2\repository\org\seleniumhq\selenium\selenium-edgehtml-driver\4.0.0-alpha-5\selenium-edgehtml-driver-4.0.0-alpha-5.jar;C:\Users\52094750\.m2\repository\org\seleniumhq\selenium\selenium-firefox-driver\4.0.0-alpha-5\selenium-firefox-driver-4.0.0-alpha-5.jar;C:\Users\52094750\.m2\repository\org\seleniumhq\selenium\selenium-firefox-xpi-driver\4.0.0-alpha-5\selenium-firefox-xpi-driver-4.0.0-alpha-5.jar;C:\Users\52094750\.m2\repository\org\seleniumhq\selenium\selenium-ie-driver\4.0.0-alpha-5\selenium-ie-driver-4.0.0-alpha-5.jar;C:\Users\52094750\.m2\repository\org\seleniumhq\selenium\selenium-opera-driver\4.0.0-alpha-5\selenium-opera-driver-4.0.0-alpha-5.jar;C:\Users\52094750\.m2\repository\org\seleniumhq\selenium\selenium-remote-driver\4.0.0-alpha-5\selenium-remote-driver-4.0.0-alpha-5.jar;C:\Users\52094750\.m2\repository\com\squareup\okhttp3\okhttp\4.4.1\okhttp-4.4.1.jar;C:\Users\52094750\.m2\repository\org\jetbrains\kotlin\kotlin-stdlib\1.3.61\kotlin-stdlib-1.3.61.jar;C:\Users\52094750\.m2\repository\org\jetbrains\annotations\13.0\annotations-13.0.jar;C:\Users\52094750\.m2\repository\com\squareup\okio\okio\2.4.3\okio-2.4.3.jar;C:\Users\52094750\.m2\repository\org\jetbrains\kotlin\kotlin-stdlib-common\1.3.61\kotlin-stdlib-common-1.3.61.jar;C:\Users\52094750\.m2\repository\com\typesafe\netty\netty-reactive-streams\2.0.4\netty-reactive-streams-2.0.4.jar;C:\Users\52094750\.m2\repository\io\netty\netty-handler\4.1.43.Final\netty-handler-4.1.43.Final.jar;C:\Users\52094750\.m2\repository\org\reactivestreams\reactive-streams\1.0.3\reactive-streams-1.0.3.jar;C:\Users\52094750\.m2\repository\io\netty\netty-buffer\4.1.47.Final\netty-buffer-4.1.47.Final.jar;C:\Users\52094750\.m2\repository\io\netty\netty-common\4.1.47.Final\netty-common-4.1.47.Final.jar;C:\Users\52094750\.m2\repository\io\netty\netty-codec-http\4.1.47.Final\netty-codec-http-4.1.47.Final.jar;C:\Users\52094750\.m2\repository\io\netty\netty-codec\4.1.47.Final\netty-codec-4.1.47.Final.jar;C:\Users\52094750\.m2\repository\io\netty\netty-transport-native-epoll\4.1.47.Final\netty-transport-native-epoll-4.1.47.Final.jar;C:\Users\52094750\.m2\repository\io\netty\netty-transport-native-epoll\4.1.47.Final\netty-transport-native-epoll-4.1.47.Final-linux-x86_64.jar;C:\Users\52094750\.m2\repository\io\netty\netty-transport-native-kqueue\4.1.47.Final\netty-transport-native-kqueue-4.1.47.Final.jar;C:\Users\52094750\.m2\repository\io\netty\netty-transport-native-kqueue\4.1.47.Final\netty-transport-native-kqueue-4.1.47.Final-osx-x86_64.jar;C:\Users\52094750\.m2\repository\io\netty\netty-transport-native-unix-common\4.1.47.Final\netty-transport-native-unix-common-4.1.47.Final.jar;C:\Users\52094750\.m2\repository\io\netty\netty-transport\4.1.47.Final\netty-transport-4.1.47.Final.jar;C:\Users\52094750\.m2\repository\io\netty\netty-resolver\4.1.47.Final\netty-resolver-4.1.47.Final.jar;C:\Users\52094750\.m2\repository\io\opentelemetry\opentelemetry-api\0.2.0\opentelemetry-api-0.2.0.jar;C:\Users\52094750\.m2\repository\io\grpc\grpc-context\1.24.0\grpc-context-1.24.0.jar;C:\Users\52094750\.m2\repository\net\bytebuddy\byte-buddy\1.10.8\byte-buddy-1.10.8.jar;C:\Users\52094750\.m2\repository\org\apache\commons\commons-exec\1.3\commons-exec-1.3.jar;C:\Users\52094750\.m2\repository\org\asynchttpclient\async-http-client\2.11.0\async-http-client-2.11.0.jar;C:\Users\52094750\.m2\repository\org\asynchttpclient\async-http-client-netty-utils\2.11.0\async-http-client-netty-utils-2.11.0.jar;C:\Users\52094750\.m2\repository\io\netty\netty-codec-socks\4.1.46.Final\netty-codec-socks-4.1.46.Final.jar;C:\Users\52094750\.m2\repository\io\netty\netty-handler-proxy\4.1.46.Final\netty-handler-proxy-4.1.46.Final.jar;C:\Users\52094750\.m2\repository\com\sun\activation\javax.activation\1.2.0\javax.activation-1.2.0.jar;C:\Users\52094750\.m2\repository\org\seleniumhq\selenium\selenium-safari-driver\4.0.0-alpha-5\selenium-safari-driver-4.0.0-alpha-5.jar;C:\Users\52094750\.m2\repository\org\seleniumhq\selenium\selenium-support\4.0.0-alpha-5\selenium-support-4.0.0-alpha-5.jar;C:\Users\52094750\.m2\repository\org\testng\testng\6.14.3\testng-6.14.3.jar;C:\Users\52094750\.m2\repository\com\beust\jcommander\1.72\jcommander-1.72.jar;C:\Users\52094750\.m2\repository\org\apache-extras\beanshell\bsh\2.0b6\bsh-2.0b6.jar;C:\Users\52094750\.m2\repository\org\apache\poi\poi\4.1.2\poi-4.1.2.jar;C:\Users\52094750\.m2\repository\commons-codec\commons-codec\1.13\commons-codec-1.13.jar;C:\Users\52094750\.m2\repository\org\apache\commons\commons-collections4\4.4\commons-collections4-4.4.jar;C:\Users\52094750\.m2\repository\org\apache\commons\commons-math3\3.6.1\commons-math3-3.6.1.jar;C:\Users\52094750\.m2\repository\com\zaxxer\SparseBitSet\1.2\SparseBitSet-1.2.jar;C:\Users\52094750\.m2\repository\org\apache\poi\poi-ooxml\4.1.2\poi-ooxml-4.1.2.jar;C:\Users\52094750\.m2\repository\org\apache\poi\poi-ooxml-schemas\4.1.2\poi-ooxml-schemas-4.1.2.jar;C:\Users\52094750\.m2\repository\org\apache\xmlbeans\xmlbeans\3.1.0\xmlbeans-3.1.0.jar;C:\Users\52094750\.m2\repository\org\apache\commons\commons-compress\1.19\commons-compress-1.19.jar;C:\Users\52094750\.m2\repository\com\github\virtuald\curvesapi\1.06\curvesapi-1.06.jar;C:\Users\52094750\.m2\repository\org\apache\logging\log4j\log4j-core\2.13.2\log4j-core-2.13.2.jar;C:\Users\52094750\.m2\repository\org\apache\logging\log4j\log4j-api\2.13.2\log4j-api-2.13.2.jar;C:\Users\52094750\.m2\repository\com\aventstack\extentreports\4.0.9\extentreports-4.0.9.jar;C:\Users\52094750\.m2\repository\org\freemarker\freemarker\2.3.23\freemarker-2.3.23.jar;C:\Users\52094750\.m2\repository\org\mongodb\mongodb-driver\3.3.0\mongodb-driver-3.3.0.jar;C:\Users\52094750\.m2\repository\org\mongodb\mongodb-driver-core\3.3.0\mongodb-driver-core-3.3.0.jar;C:\Users\52094750\.m2\repository\org\mongodb\bson\3.3.0\bson-3.3.0.jar;C:\Users\52094750\.m2\repository\org\apache\httpcomponents\httpclient\4.5.2\httpclient-4.5.2.jar;C:\Users\52094750\.m2\repository\org\apache\httpcomponents\httpcore\4.4.4\httpcore-4.4.4.jar;C:\Users\52094750\.m2\repository\commons-logging\commons-logging\1.2\commons-logging-1.2.jar;C:\Users\52094750\.m2\repository\org\apache\httpcomponents\httpmime\4.5.2\httpmime-4.5.2.jar;C:\Users\52094750\.m2\repository\com\google\code\gson\gson\2.8.5\gson-2.8.5.jar;C:\Users\52094750\.m2\repository\commons-io\commons-io\2.6\commons-io-2.6.jar;C:\Users\52094750\.m2\repository\org\apache\commons\commons-lang3\3.10\commons-lang3-3.10.jar;C:\Users\52094750\.m2\repository\org\apache\commons\commons-email\1.5\commons-email-1.5.jar;C:\Users\52094750\.m2\repository\com\sun\mail\javax.mail\1.5.6\javax.mail-1.5.6.jar;C:\Users\52094750\.m2\repository\javax\activation\activation\1.1\activation-1.1.jar;C:\Users\52094750\.m2\repository\io\github\bonigarcia\webdrivermanager\3.8.1\webdrivermanager-3.8.1.jar;C:\Users\52094750\.m2\repository\org\slf4j\slf4j-api\1.7.25\slf4j-api-1.7.25.jar;C:\Users\52094750\.m2\repository\org\rauschig\jarchivelib\1.0.0\jarchivelib-1.0.0.jar;C:\Users\52094750\.m2\repository\org\jsoup\jsoup\1.11.3\jsoup-1.11.3.jar;"/>
    <property name="java.vm.vendor" value="Oracle Corporation"/>
    <property name="sun.arch.data.model" value="64"/>
    <property name="user.variant" value=""/>
    <property name="java.vendor.url" value="https://java.oracle.com/"/>
    <property name="user.timezone" value="Asia/Calcutta"/>
    <property name="os.name" value="Windows 10"/>
    <property name="java.vm.specification.version" value="15"/>
    <property name="sun.java.launcher" value="SUN_STANDARD"/>
    <property name="user.country" value="IN"/>
    <property name="sun.boot.library.path" value="C:\Users\52094750\.p2\pool\plugins\org.eclipse.justj.openjdk.hotspot.jre.full.win32.x86_64_15.0.1.v20201027-0507\jre\bin"/>
    <property name="sun.java.command" value="C:\Users\52094750\AppData\Local\Temp\surefire9297901494608492190\surefirebooter6647477512938300555.jar C:\Users\52094750\AppData\Local\Temp\surefire9297901494608492190 2021-03-30T16-51-21_816-jvmRun1 surefire16893433121990653675tmp surefire_06369789340244548578tmp"/>
    <property name="jdk.debug" value="release"/>
    <property name="surefire.test.class.path" value="D:\java\nopcommerceV12\target\test-classes;D:\java\nopcommerceV12\target\classes;C:\Users\52094750\.m2\repository\org\seleniumhq\selenium\selenium-java\4.0.0-alpha-5\selenium-java-4.0.0-alpha-5.jar;C:\Users\52094750\.m2\repository\org\seleniumhq\selenium\selenium-api\4.0.0-alpha-5\selenium-api-4.0.0-alpha-5.jar;C:\Users\52094750\.m2\repository\org\seleniumhq\selenium\selenium-chrome-driver\4.0.0-alpha-5\selenium-chrome-driver-4.0.0-alpha-5.jar;C:\Users\52094750\.m2\repository\com\google\auto\service\auto-service-annotations\1.0-rc6\auto-service-annotations-1.0-rc6.jar;C:\Users\52094750\.m2\repository\com\google\auto\service\auto-service\1.0-rc6\auto-service-1.0-rc6.jar;C:\Users\52094750\.m2\repository\com\google\auto\auto-common\0.10\auto-common-0.10.jar;C:\Users\52094750\.m2\repository\com\google\guava\guava\28.2-jre\guava-28.2-jre.jar;C:\Users\52094750\.m2\repository\com\google\guava\failureaccess\1.0.1\failureaccess-1.0.1.jar;C:\Users\52094750\.m2\repository\com\google\guava\listenablefuture\9999.0-empty-to-avoid-conflict-with-guava\listenablefuture-9999.0-empty-to-avoid-conflict-with-guava.jar;C:\Users\52094750\.m2\repository\com\google\code\findbugs\jsr305\3.0.2\jsr305-3.0.2.jar;C:\Users\52094750\.m2\repository\org\checkerframework\checker-qual\2.10.0\checker-qual-2.10.0.jar;C:\Users\52094750\.m2\repository\com\google\errorprone\error_prone_annotations\2.3.4\error_prone_annotations-2.3.4.jar;C:\Users\52094750\.m2\repository\com\google\j2objc\j2objc-annotations\1.3\j2objc-annotations-1.3.jar;C:\Users\52094750\.m2\repository\org\seleniumhq\selenium\selenium-chromium-driver\4.0.0-alpha-5\selenium-chromium-driver-4.0.0-alpha-5.jar;C:\Users\52094750\.m2\repository\org\seleniumhq\selenium\selenium-devtools\4.0.0-alpha-5\selenium-devtools-4.0.0-alpha-5.jar;C:\Users\52094750\.m2\repository\org\seleniumhq\selenium\selenium-http\4.0.0-alpha-5\selenium-http-4.0.0-alpha-5.jar;C:\Users\52094750\.m2\repository\org\seleniumhq\selenium\selenium-json\4.0.0-alpha-5\selenium-json-4.0.0-alpha-5.jar;C:\Users\52094750\.m2\repository\org\seleniumhq\selenium\selenium-edge-driver\4.0.0-alpha-5\selenium-edge-driver-4.0.0-alpha-5.jar;C:\Users\52094750\.m2\repository\org\seleniumhq\selenium\selenium-edgehtml-driver\4.0.0-alpha-5\selenium-edgehtml-driver-4.0.0-alpha-5.jar;C:\Users\52094750\.m2\repository\org\seleniumhq\selenium\selenium-firefox-driver\4.0.0-alpha-5\selenium-firefox-driver-4.0.0-alpha-5.jar;C:\Users\52094750\.m2\repository\org\seleniumhq\selenium\selenium-firefox-xpi-driver\4.0.0-alpha-5\selenium-firefox-xpi-driver-4.0.0-alpha-5.jar;C:\Users\52094750\.m2\repository\org\seleniumhq\selenium\selenium-ie-driver\4.0.0-alpha-5\selenium-ie-driver-4.0.0-alpha-5.jar;C:\Users\52094750\.m2\repository\org\seleniumhq\selenium\selenium-opera-driver\4.0.0-alpha-5\selenium-opera-driver-4.0.0-alpha-5.jar;C:\Users\52094750\.m2\repository\org\seleniumhq\selenium\selenium-remote-driver\4.0.0-alpha-5\selenium-remote-driver-4.0.0-alpha-5.jar;C:\Users\52094750\.m2\repository\com\squareup\okhttp3\okhttp\4.4.1\okhttp-4.4.1.jar;C:\Users\52094750\.m2\repository\org\jetbrains\kotlin\kotlin-stdlib\1.3.61\kotlin-stdlib-1.3.61.jar;C:\Users\52094750\.m2\repository\org\jetbrains\annotations\13.0\annotations-13.0.jar;C:\Users\52094750\.m2\repository\com\squareup\okio\okio\2.4.3\okio-2.4.3.jar;C:\Users\52094750\.m2\repository\org\jetbrains\kotlin\kotlin-stdlib-common\1.3.61\kotlin-stdlib-common-1.3.61.jar;C:\Users\52094750\.m2\repository\com\typesafe\netty\netty-reactive-streams\2.0.4\netty-reactive-streams-2.0.4.jar;C:\Users\52094750\.m2\repository\io\netty\netty-handler\4.1.43.Final\netty-handler-4.1.43.Final.jar;C:\Users\52094750\.m2\repository\org\reactivestreams\reactive-streams\1.0.3\reactive-streams-1.0.3.jar;C:\Users\52094750\.m2\repository\io\netty\netty-buffer\4.1.47.Final\netty-buffer-4.1.47.Final.jar;C:\Users\52094750\.m2\repository\io\netty\netty-common\4.1.47.Final\netty-common-4.1.47.Final.jar;C:\Users\52094750\.m2\repository\io\netty\netty-codec-http\4.1.47.Final\netty-codec-http-4.1.47.Final.jar;C:\Users\52094750\.m2\repository\io\netty\netty-codec\4.1.47.Final\netty-codec-4.1.47.Final.jar;C:\Users\52094750\.m2\repository\io\netty\netty-transport-native-epoll\4.1.47.Final\netty-transport-native-epoll-4.1.47.Final.jar;C:\Users\52094750\.m2\repository\io\netty\netty-transport-native-epoll\4.1.47.Final\netty-transport-native-epoll-4.1.47.Final-linux-x86_64.jar;C:\Users\52094750\.m2\repository\io\netty\netty-transport-native-kqueue\4.1.47.Final\netty-transport-native-kqueue-4.1.47.Final.jar;C:\Users\52094750\.m2\repository\io\netty\netty-transport-native-kqueue\4.1.47.Final\netty-transport-native-kqueue-4.1.47.Final-osx-x86_64.jar;C:\Users\52094750\.m2\repository\io\netty\netty-transport-native-unix-common\4.1.47.Final\netty-transport-native-unix-common-4.1.47.Final.jar;C:\Users\52094750\.m2\repository\io\netty\netty-transport\4.1.47.Final\netty-transport-4.1.47.Final.jar;C:\Users\52094750\.m2\repository\io\netty\netty-resolver\4.1.47.Final\netty-resolver-4.1.47.Final.jar;C:\Users\52094750\.m2\repository\io\opentelemetry\opentelemetry-api\0.2.0\opentelemetry-api-0.2.0.jar;C:\Users\52094750\.m2\repository\io\grpc\grpc-context\1.24.0\grpc-context-1.24.0.jar;C:\Users\52094750\.m2\repository\net\bytebuddy\byte-buddy\1.10.8\byte-buddy-1.10.8.jar;C:\Users\52094750\.m2\repository\org\apache\commons\commons-exec\1.3\commons-exec-1.3.jar;C:\Users\52094750\.m2\repository\org\asynchttpclient\async-http-client\2.11.0\async-http-client-2.11.0.jar;C:\Users\52094750\.m2\repository\org\asynchttpclient\async-http-client-netty-utils\2.11.0\async-http-client-netty-utils-2.11.0.jar;C:\Users\52094750\.m2\repository\io\netty\netty-codec-socks\4.1.46.Final\netty-codec-socks-4.1.46.Final.jar;C:\Users\52094750\.m2\repository\io\netty\netty-handler-proxy\4.1.46.Final\netty-handler-proxy-4.1.46.Final.jar;C:\Users\52094750\.m2\repository\com\sun\activation\javax.activation\1.2.0\javax.activation-1.2.0.jar;C:\Users\52094750\.m2\repository\org\seleniumhq\selenium\selenium-safari-driver\4.0.0-alpha-5\selenium-safari-driver-4.0.0-alpha-5.jar;C:\Users\52094750\.m2\repository\org\seleniumhq\selenium\selenium-support\4.0.0-alpha-5\selenium-support-4.0.0-alpha-5.jar;C:\Users\52094750\.m2\repository\org\testng\testng\6.14.3\testng-6.14.3.jar;C:\Users\52094750\.m2\repository\com\beust\jcommander\1.72\jcommander-1.72.jar;C:\Users\52094750\.m2\repository\org\apache-extras\beanshell\bsh\2.0b6\bsh-2.0b6.jar;C:\Users\52094750\.m2\repository\org\apache\poi\poi\4.1.2\poi-4.1.2.jar;C:\Users\52094750\.m2\repository\commons-codec\commons-codec\1.13\commons-codec-1.13.jar;C:\Users\52094750\.m2\repository\org\apache\commons\commons-collections4\4.4\commons-collections4-4.4.jar;C:\Users\52094750\.m2\repository\org\apache\commons\commons-math3\3.6.1\commons-math3-3.6.1.jar;C:\Users\52094750\.m2\repository\com\zaxxer\SparseBitSet\1.2\SparseBitSet-1.2.jar;C:\Users\52094750\.m2\repository\org\apache\poi\poi-ooxml\4.1.2\poi-ooxml-4.1.2.jar;C:\Users\52094750\.m2\repository\org\apache\poi\poi-ooxml-schemas\4.1.2\poi-ooxml-schemas-4.1.2.jar;C:\Users\52094750\.m2\repository\org\apache\xmlbeans\xmlbeans\3.1.0\xmlbeans-3.1.0.jar;C:\Users\52094750\.m2\repository\org\apache\commons\commons-compress\1.19\commons-compress-1.19.jar;C:\Users\52094750\.m2\repository\com\github\virtuald\curvesapi\1.06\curvesapi-1.06.jar;C:\Users\52094750\.m2\repository\org\apache\logging\log4j\log4j-core\2.13.2\log4j-core-2.13.2.jar;C:\Users\52094750\.m2\repository\org\apache\logging\log4j\log4j-api\2.13.2\log4j-api-2.13.2.jar;C:\Users\52094750\.m2\repository\com\aventstack\extentreports\4.0.9\extentreports-4.0.9.jar;C:\Users\52094750\.m2\repository\org\freemarker\freemarker\2.3.23\freemarker-2.3.23.jar;C:\Users\52094750\.m2\repository\org\mongodb\mongodb-driver\3.3.0\mongodb-driver-3.3.0.jar;C:\Users\52094750\.m2\repository\org\mongodb\mongodb-driver-core\3.3.0\mongodb-driver-core-3.3.0.jar;C:\Users\52094750\.m2\repository\org\mongodb\bson\3.3.0\bson-3.3.0.jar;C:\Users\52094750\.m2\repository\org\apache\httpcomponents\httpclient\4.5.2\httpclient-4.5.2.jar;C:\Users\52094750\.m2\repository\org\apache\httpcomponents\httpcore\4.4.4\httpcore-4.4.4.jar;C:\Users\52094750\.m2\repository\commons-logging\commons-logging\1.2\commons-logging-1.2.jar;C:\Users\52094750\.m2\repository\org\apache\httpcomponents\httpmime\4.5.2\httpmime-4.5.2.jar;C:\Users\52094750\.m2\repository\com\google\code\gson\gson\2.8.5\gson-2.8.5.jar;C:\Users\52094750\.m2\repository\commons-io\commons-io\2.6\commons-io-2.6.jar;C:\Users\52094750\.m2\repository\org\apache\commons\commons-lang3\3.10\commons-lang3-3.10.jar;C:\Users\52094750\.m2\repository\org\apache\commons\commons-email\1.5\commons-email-1.5.jar;C:\Users\52094750\.m2\repository\com\sun\mail\javax.mail\1.5.6\javax.mail-1.5.6.jar;C:\Users\52094750\.m2\repository\javax\activation\activation\1.1\activation-1.1.jar;C:\Users\52094750\.m2\repository\io\github\bonigarcia\webdrivermanager\3.8.1\webdrivermanager-3.8.1.jar;C:\Users\52094750\.m2\repository\org\slf4j\slf4j-api\1.7.25\slf4j-api-1.7.25.jar;C:\Users\52094750\.m2\repository\org\rauschig\jarchivelib\1.0.0\jarchivelib-1.0.0.jar;C:\Users\52094750\.m2\repository\org\jsoup\jsoup\1.11.3\jsoup-1.11.3.jar;"/>
    <property name="sun.cpu.endian" value="little"/>
    <property name="user.home" value="C:\Users\52094750"/>
    <property name="user.language" value="en"/>
    <property name="java.specification.vendor" value="Oracle Corporation"/>
    <property name="java.version.date" value="2020-10-20"/>
    <property name="java.home" value="C:\Users\52094750\.p2\pool\plugins\org.eclipse.justj.openjdk.hotspot.jre.full.win32.x86_64_15.0.1.v20201027-0507\jre"/>
    <property name="file.separator" value="\"/>
    <property name="basedir" value="D:\java\nopcommerceV12"/>
    <property name="java.vm.compressedOopsMode" value="32-bit"/>
    <property name="line.separator" value="&#10;"/>
    <property name="java.vm.specification.vendor" value="Oracle Corporation"/>
    <property name="java.specification.name" value="Java Platform API Specification"/>
    <property name="surefire.real.class.path" value="C:\Users\52094750\AppData\Local\Temp\surefire9297901494608492190\surefirebooter6647477512938300555.jar"/>
    <property name="user.script" value=""/>
    <property name="sun.management.compiler" value="HotSpot 64-Bit Tiered Compilers"/>
    <property name="java.runtime.version" value="15.0.1+9-18"/>
    <property name="user.name" value="52094750"/>
    <property name="path.separator" value=";"/>
    <property name="os.version" value="10.0"/>
    <property name="java.runtime.name" value="OpenJDK Runtime Environment"/>
    <property name="file.encoding" value="Cp1252"/>
    <property name="sun.nio.ch.bugLevel" value=""/>
    <property name="java.vm.name" value="OpenJDK 64-Bit Server VM"/>
    <property name="localRepository" value="C:\Users\52094750\.m2\repository"/>
    <property name="java.vendor.url.bug" value="https://bugreport.java.com/bugreport/"/>
    <property name="java.io.tmpdir" value="C:\Users\52094750\AppData\Local\Temp\"/>
    <property name="java.version" value="15.0.1"/>
    <property name="user.dir" value="D:\java\nopcommerceV12"/>
    <property name="os.arch" value="amd64"/>
    <property name="java.vm.specification.name" value="Java Virtual Machine Specification"/>
    <property name="sun.os.patch.level" value=""/>
    <property name="java.library.path" value="C:\Users\52094750\.p2\pool\plugins\org.eclipse.justj.openjdk.hotspot.jre.full.win32.x86_64_15.0.1.v20201027-0507\jre\bin;C:\WINDOWS\Sun\Java\bin;C:\WINDOWS\system32;C:\WINDOWS;C:/Users/52094750/.p2/pool/plugins/org.eclipse.justj.openjdk.hotspot.jre.full.win32.x86_64_15.0.1.v20201027-0507/jre/bin/server;C:/Users/52094750/.p2/pool/plugins/org.eclipse.justj.openjdk.hotspot.jre.full.win32.x86_64_15.0.1.v20201027-0507/jre/bin;C:\Program Files\Java\jdk1.8.0_191\bin;C:\unzipped\apache-maven-3.6.3\bin;%JAVA_HOME%\bin;%M2_HOME%\bin;%MAVEN_HOME%\bin;C:\Users\52094750\AppData\Local\Programs\Git\bin\;;C:\Users\52094750\eclipse\java-2020-12\eclipse;;."/>
    <property name="java.vm.info" value="mixed mode"/>
    <property name="java.vendor" value="Oracle Corporation"/>
    <property name="java.vm.version" value="15.0.1+9-18"/>
    <property name="sun.io.unicode.encoding" value="UnicodeLittle"/>
    <property name="java.class.version" value="59.0"/>
  </properties>
  <testcase name="addnewcust" classname="com.nopcommerce.testCases.TC_AddCustomerTest_003" time="38.381">
    <system-out><![CDATA[[TestNGContentHandler] [WARN] It is strongly recommended to add "<!DOCTYPE suite SYSTEM "http://testng.org/testng-1.0.dtd" >" at the top of your file, otherwise TestNG may fail or not work as expected.
[DEBUG] 30-03-2021 04:51:27.836 InternalLoggerFactory - Using Log4J2 as the default logging framework
[DEBUG] 30-03-2021 04:51:27.843 ResourceLeakDetector - -Dio.netty.leakDetection.level: simple
[DEBUG] 30-03-2021 04:51:27.844 ResourceLeakDetector - -Dio.netty.leakDetection.targetRecords: 4
[DEBUG] 30-03-2021 04:51:27.848 ResourceLeakDetectorFactory - Loaded default ResourceLeakDetector: io.netty.util.ResourceLeakDetector@1e391e75
[DEBUG] 30-03-2021 04:51:27.861 PlatformDependent - Platform: Windows
[DEBUG] 30-03-2021 04:51:27.863 PlatformDependent0 - -Dio.netty.noUnsafe: false
[DEBUG] 30-03-2021 04:51:27.863 PlatformDependent0 - Java version: 15
[DEBUG] 30-03-2021 04:51:27.865 PlatformDependent0 - sun.misc.Unsafe.theUnsafe: available
[DEBUG] 30-03-2021 04:51:27.865 PlatformDependent0 - sun.misc.Unsafe.copyMemory: available
[DEBUG] 30-03-2021 04:51:27.866 PlatformDependent0 - java.nio.Buffer.address: available
[DEBUG] 30-03-2021 04:51:27.866 PlatformDependent0 - direct buffer constructor: unavailable
java.lang.UnsupportedOperationException: Reflective setAccessible(true) disabled
	at io.netty.util.internal.ReflectionUtil.trySetAccessible(ReflectionUtil.java:31) ~[netty-common-4.1.47.Final.jar:4.1.47.Final]
	at io.netty.util.internal.PlatformDependent0$4.run(PlatformDependent0.java:225) ~[netty-common-4.1.47.Final.jar:4.1.47.Final]
	at java.security.AccessController.doPrivileged(AccessController.java:312) ~[?:?]
	at io.netty.util.internal.PlatformDependent0.<clinit>(PlatformDependent0.java:219) [netty-common-4.1.47.Final.jar:4.1.47.Final]
	at io.netty.util.internal.PlatformDependent.isAndroid(PlatformDependent.java:289) [netty-common-4.1.47.Final.jar:4.1.47.Final]
	at io.netty.util.internal.PlatformDependent.<clinit>(PlatformDependent.java:92) [netty-common-4.1.47.Final.jar:4.1.47.Final]
	at io.netty.util.HashedWheelTimer.<init>(HashedWheelTimer.java:109) [netty-common-4.1.47.Final.jar:4.1.47.Final]
	at io.netty.util.HashedWheelTimer.<init>(HashedWheelTimer.java:218) [netty-common-4.1.47.Final.jar:4.1.47.Final]
	at io.netty.util.HashedWheelTimer.<init>(HashedWheelTimer.java:197) [netty-common-4.1.47.Final.jar:4.1.47.Final]
	at io.netty.util.HashedWheelTimer.<init>(HashedWheelTimer.java:179) [netty-common-4.1.47.Final.jar:4.1.47.Final]
	at io.netty.util.HashedWheelTimer.<init>(HashedWheelTimer.java:163) [netty-common-4.1.47.Final.jar:4.1.47.Final]
	at org.asynchttpclient.DefaultAsyncHttpClient.newNettyTimer(DefaultAsyncHttpClient.java:97) [async-http-client-2.11.0.jar:?]
	at org.asynchttpclient.DefaultAsyncHttpClient.<init>(DefaultAsyncHttpClient.java:87) [async-http-client-2.11.0.jar:?]
	at org.asynchttpclient.DefaultAsyncHttpClient.<init>(DefaultAsyncHttpClient.java:71) [async-http-client-2.11.0.jar:?]
	at org.asynchttpclient.Dsl.asyncHttpClient(Dsl.java:28) [async-http-client-2.11.0.jar:?]
	at org.openqa.selenium.remote.http.netty.NettyClient.<clinit>(NettyClient.java:35) [selenium-remote-driver-4.0.0-alpha-5.jar:?]
	at org.openqa.selenium.remote.http.netty.NettyClient$Factory.createClient(NettyClient.java:76) [selenium-remote-driver-4.0.0-alpha-5.jar:?]
	at org.openqa.selenium.remote.http.HttpClient$Factory.createClient(HttpClient.java:71) [selenium-http-4.0.0-alpha-5.jar:?]
	at org.openqa.selenium.remote.HttpCommandExecutor.<init>(HttpCommandExecutor.java:90) [selenium-remote-driver-4.0.0-alpha-5.jar:?]
	at org.openqa.selenium.remote.HttpCommandExecutor.<init>(HttpCommandExecutor.java:73) [selenium-remote-driver-4.0.0-alpha-5.jar:?]
	at org.openqa.selenium.remote.service.DriverCommandExecutor.<init>(DriverCommandExecutor.java:63) [selenium-remote-driver-4.0.0-alpha-5.jar:?]
	at org.openqa.selenium.chromium.ChromiumDriverCommandExecutor.<init>(ChromiumDriverCommandExecutor.java:66) [selenium-chromium-driver-4.0.0-alpha-5.jar:?]
	at org.openqa.selenium.chrome.ChromeDriver.<init>(ChromeDriver.java:163) [selenium-chrome-driver-4.0.0-alpha-5.jar:?]
	at org.openqa.selenium.chrome.ChromeDriver.<init>(ChromeDriver.java:150) [selenium-chrome-driver-4.0.0-alpha-5.jar:?]
	at org.openqa.selenium.chrome.ChromeDriver.<init>(ChromeDriver.java:105) [selenium-chrome-driver-4.0.0-alpha-5.jar:?]
	at com.nopcommerce.testBase.BaseClass.setup(BaseClass.java:46) [test-classes/:?]
	at jdk.internal.reflect.NativeMethodAccessorImpl.invoke0(Native Method) ~[?:?]
	at jdk.internal.reflect.NativeMethodAccessorImpl.invoke(NativeMethodAccessorImpl.java:64) ~[?:?]
	at jdk.internal.reflect.DelegatingMethodAccessorImpl.invoke(DelegatingMethodAccessorImpl.java:43) ~[?:?]
	at java.lang.reflect.Method.invoke(Method.java:564) ~[?:?]
	at org.testng.internal.MethodInvocationHelper.invokeMethod(MethodInvocationHelper.java:124) [testng-6.14.3.jar:?]
	at org.testng.internal.MethodInvocationHelper.invokeMethodConsideringTimeout(MethodInvocationHelper.java:59) [testng-6.14.3.jar:?]
	at org.testng.internal.Invoker.invokeConfigurationMethod(Invoker.java:458) [testng-6.14.3.jar:?]
	at org.testng.internal.Invoker.invokeConfigurations(Invoker.java:222) [testng-6.14.3.jar:?]
	at org.testng.internal.Invoker.invokeConfigurations(Invoker.java:142) [testng-6.14.3.jar:?]
	at org.testng.internal.TestMethodWorker.invokeBeforeClassMethods(TestMethodWorker.java:168) [testng-6.14.3.jar:?]
	at org.testng.internal.TestMethodWorker.run(TestMethodWorker.java:105) [testng-6.14.3.jar:?]
	at org.testng.TestRunner.privateRun(TestRunner.java:648) [testng-6.14.3.jar:?]
	at org.testng.TestRunner.run(TestRunner.java:505) [testng-6.14.3.jar:?]
	at org.testng.SuiteRunner.runTest(SuiteRunner.java:455) [testng-6.14.3.jar:?]
	at org.testng.SuiteRunner.access$000(SuiteRunner.java:40) [testng-6.14.3.jar:?]
	at org.testng.SuiteRunner$SuiteWorker.run(SuiteRunner.java:489) [testng-6.14.3.jar:?]
	at org.testng.internal.thread.ThreadUtil$1.call(ThreadUtil.java:52) [testng-6.14.3.jar:?]
	at java.util.concurrent.FutureTask.run(FutureTask.java:264) [?:?]
	at java.util.concurrent.ThreadPoolExecutor.runWorker(ThreadPoolExecutor.java:1130) [?:?]
	at java.util.concurrent.ThreadPoolExecutor$Worker.run(ThreadPoolExecutor.java:630) [?:?]
	at java.lang.Thread.run(Thread.java:832) [?:?]
[DEBUG] 30-03-2021 04:51:27.874 PlatformDependent0 - java.nio.Bits.unaligned: available, true
[DEBUG] 30-03-2021 04:51:27.876 PlatformDependent0 - jdk.internal.misc.Unsafe.allocateUninitializedArray(int): unavailable
java.lang.IllegalAccessException: class io.netty.util.internal.PlatformDependent0$6 cannot access class jdk.internal.misc.Unsafe (in module java.base) because module java.base does not export jdk.internal.misc to unnamed module @747225b5
	at jdk.internal.reflect.Reflection.newIllegalAccessException(Reflection.java:385) ~[?:?]
	at java.lang.reflect.AccessibleObject.checkAccess(AccessibleObject.java:693) ~[?:?]
	at java.lang.reflect.Method.invoke(Method.java:556) ~[?:?]
	at io.netty.util.internal.PlatformDependent0$6.run(PlatformDependent0.java:335) ~[netty-common-4.1.47.Final.jar:4.1.47.Final]
	at java.security.AccessController.doPrivileged(AccessController.java:312) ~[?:?]
	at io.netty.util.internal.PlatformDependent0.<clinit>(PlatformDependent0.java:326) [netty-common-4.1.47.Final.jar:4.1.47.Final]
	at io.netty.util.internal.PlatformDependent.isAndroid(PlatformDependent.java:289) [netty-common-4.1.47.Final.jar:4.1.47.Final]
	at io.netty.util.internal.PlatformDependent.<clinit>(PlatformDependent.java:92) [netty-common-4.1.47.Final.jar:4.1.47.Final]
	at io.netty.util.HashedWheelTimer.<init>(HashedWheelTimer.java:109) [netty-common-4.1.47.Final.jar:4.1.47.Final]
	at io.netty.util.HashedWheelTimer.<init>(HashedWheelTimer.java:218) [netty-common-4.1.47.Final.jar:4.1.47.Final]
	at io.netty.util.HashedWheelTimer.<init>(HashedWheelTimer.java:197) [netty-common-4.1.47.Final.jar:4.1.47.Final]
	at io.netty.util.HashedWheelTimer.<init>(HashedWheelTimer.java:179) [netty-common-4.1.47.Final.jar:4.1.47.Final]
	at io.netty.util.HashedWheelTimer.<init>(HashedWheelTimer.java:163) [netty-common-4.1.47.Final.jar:4.1.47.Final]
	at org.asynchttpclient.DefaultAsyncHttpClient.newNettyTimer(DefaultAsyncHttpClient.java:97) [async-http-client-2.11.0.jar:?]
	at org.asynchttpclient.DefaultAsyncHttpClient.<init>(DefaultAsyncHttpClient.java:87) [async-http-client-2.11.0.jar:?]
	at org.asynchttpclient.DefaultAsyncHttpClient.<init>(DefaultAsyncHttpClient.java:71) [async-http-client-2.11.0.jar:?]
	at org.asynchttpclient.Dsl.asyncHttpClient(Dsl.java:28) [async-http-client-2.11.0.jar:?]
	at org.openqa.selenium.remote.http.netty.NettyClient.<clinit>(NettyClient.java:35) [selenium-remote-driver-4.0.0-alpha-5.jar:?]
	at org.openqa.selenium.remote.http.netty.NettyClient$Factory.createClient(NettyClient.java:76) [selenium-remote-driver-4.0.0-alpha-5.jar:?]
	at org.openqa.selenium.remote.http.HttpClient$Factory.createClient(HttpClient.java:71) [selenium-http-4.0.0-alpha-5.jar:?]
	at org.openqa.selenium.remote.HttpCommandExecutor.<init>(HttpCommandExecutor.java:90) [selenium-remote-driver-4.0.0-alpha-5.jar:?]
	at org.openqa.selenium.remote.HttpCommandExecutor.<init>(HttpCommandExecutor.java:73) [selenium-remote-driver-4.0.0-alpha-5.jar:?]
	at org.openqa.selenium.remote.service.DriverCommandExecutor.<init>(DriverCommandExecutor.java:63) [selenium-remote-driver-4.0.0-alpha-5.jar:?]
	at org.openqa.selenium.chromium.ChromiumDriverCommandExecutor.<init>(ChromiumDriverCommandExecutor.java:66) [selenium-chromium-driver-4.0.0-alpha-5.jar:?]
	at org.openqa.selenium.chrome.ChromeDriver.<init>(ChromeDriver.java:163) [selenium-chrome-driver-4.0.0-alpha-5.jar:?]
	at org.openqa.selenium.chrome.ChromeDriver.<init>(ChromeDriver.java:150) [selenium-chrome-driver-4.0.0-alpha-5.jar:?]
	at org.openqa.selenium.chrome.ChromeDriver.<init>(ChromeDriver.java:105) [selenium-chrome-driver-4.0.0-alpha-5.jar:?]
	at com.nopcommerce.testBase.BaseClass.setup(BaseClass.java:46) [test-classes/:?]
	at jdk.internal.reflect.NativeMethodAccessorImpl.invoke0(Native Method) ~[?:?]
	at jdk.internal.reflect.NativeMethodAccessorImpl.invoke(NativeMethodAccessorImpl.java:64) ~[?:?]
	at jdk.internal.reflect.DelegatingMethodAccessorImpl.invoke(DelegatingMethodAccessorImpl.java:43) ~[?:?]
	at java.lang.reflect.Method.invoke(Method.java:564) ~[?:?]
	at org.testng.internal.MethodInvocationHelper.invokeMethod(MethodInvocationHelper.java:124) [testng-6.14.3.jar:?]
	at org.testng.internal.MethodInvocationHelper.invokeMethodConsideringTimeout(MethodInvocationHelper.java:59) [testng-6.14.3.jar:?]
	at org.testng.internal.Invoker.invokeConfigurationMethod(Invoker.java:458) [testng-6.14.3.jar:?]
	at org.testng.internal.Invoker.invokeConfigurations(Invoker.java:222) [testng-6.14.3.jar:?]
	at org.testng.internal.Invoker.invokeConfigurations(Invoker.java:142) [testng-6.14.3.jar:?]
	at org.testng.internal.TestMethodWorker.invokeBeforeClassMethods(TestMethodWorker.java:168) [testng-6.14.3.jar:?]
	at org.testng.internal.TestMethodWorker.run(TestMethodWorker.java:105) [testng-6.14.3.jar:?]
	at org.testng.TestRunner.privateRun(TestRunner.java:648) [testng-6.14.3.jar:?]
	at org.testng.TestRunner.run(TestRunner.java:505) [testng-6.14.3.jar:?]
	at org.testng.SuiteRunner.runTest(SuiteRunner.java:455) [testng-6.14.3.jar:?]
	at org.testng.SuiteRunner.access$000(SuiteRunner.java:40) [testng-6.14.3.jar:?]
	at org.testng.SuiteRunner$SuiteWorker.run(SuiteRunner.java:489) [testng-6.14.3.jar:?]
	at org.testng.internal.thread.ThreadUtil$1.call(ThreadUtil.java:52) [testng-6.14.3.jar:?]
	at java.util.concurrent.FutureTask.run(FutureTask.java:264) [?:?]
	at java.util.concurrent.ThreadPoolExecutor.runWorker(ThreadPoolExecutor.java:1130) [?:?]
	at java.util.concurrent.ThreadPoolExecutor$Worker.run(ThreadPoolExecutor.java:630) [?:?]
	at java.lang.Thread.run(Thread.java:832) [?:?]
[DEBUG] 30-03-2021 04:51:27.878 PlatformDependent0 - java.nio.DirectByteBuffer.<init>(long, int): unavailable
[DEBUG] 30-03-2021 04:51:27.879 PlatformDependent - sun.misc.Unsafe: available
[DEBUG] 30-03-2021 04:51:27.880 PlatformDependent - maxDirectMemory: 2048917504 bytes (maybe)
[DEBUG] 30-03-2021 04:51:27.880 PlatformDependent - -Dio.netty.tmpdir: C:\Users\52094750\AppData\Local\Temp (java.io.tmpdir)
[DEBUG] 30-03-2021 04:51:27.880 PlatformDependent - -Dio.netty.bitMode: 64 (sun.arch.data.model)
[DEBUG] 30-03-2021 04:51:27.881 PlatformDependent - -Dio.netty.maxDirectMemory: -1 bytes
[DEBUG] 30-03-2021 04:51:27.882 PlatformDependent - -Dio.netty.uninitializedArrayAllocationThreshold: -1
[DEBUG] 30-03-2021 04:51:27.883 CleanerJava9 - java.nio.ByteBuffer.cleaner(): available
[DEBUG] 30-03-2021 04:51:27.883 PlatformDependent - -Dio.netty.noPreferDirect: false
[DEBUG] 30-03-2021 04:51:27.891 PlatformDependent - org.jctools-core.MpscChunkedArrayQueue: available
[DEBUG] 30-03-2021 04:51:27.917 JdkSslContext - Default protocols (JDK): [TLSv1.2, TLSv1.1, TLSv1] 
[DEBUG] 30-03-2021 04:51:27.917 JdkSslContext - Default cipher suites (JDK): [TLS_ECDHE_ECDSA_WITH_AES_256_GCM_SHA384, TLS_ECDHE_ECDSA_WITH_AES_128_GCM_SHA256, TLS_ECDHE_RSA_WITH_AES_128_GCM_SHA256, TLS_ECDHE_RSA_WITH_AES_256_GCM_SHA384, TLS_ECDHE_RSA_WITH_AES_128_CBC_SHA, TLS_ECDHE_RSA_WITH_AES_256_CBC_SHA, TLS_RSA_WITH_AES_128_GCM_SHA256, TLS_RSA_WITH_AES_128_CBC_SHA, TLS_RSA_WITH_AES_256_CBC_SHA, TLS_AES_128_GCM_SHA256, TLS_AES_256_GCM_SHA384]
[DEBUG] 30-03-2021 04:51:27.944 InternalThreadLocalMap - -Dio.netty.threadLocalMap.stringBuilder.initialSize: 1024
[DEBUG] 30-03-2021 04:51:27.945 InternalThreadLocalMap - -Dio.netty.threadLocalMap.stringBuilder.maxSize: 4096
[DEBUG] 30-03-2021 04:51:27.952 MultithreadEventLoopGroup - -Dio.netty.eventLoopThreads: 16
[DEBUG] 30-03-2021 04:51:27.961 NioEventLoop - -Dio.netty.noKeySetOptimization: false
[DEBUG] 30-03-2021 04:51:27.963 NioEventLoop - -Dio.netty.selectorAutoRebuildThreshold: 512
[TRACE] 30-03-2021 04:51:27.981 NioEventLoop - instrumented a special java.util.Set into: sun.nio.ch.WindowsSelectorImpl@1d96c58d
[TRACE] 30-03-2021 04:51:27.985 NioEventLoop - instrumented a special java.util.Set into: sun.nio.ch.WindowsSelectorImpl@78468a62
[TRACE] 30-03-2021 04:51:27.987 NioEventLoop - instrumented a special java.util.Set into: sun.nio.ch.WindowsSelectorImpl@12bc9ff2
[TRACE] 30-03-2021 04:51:27.995 NioEventLoop - instrumented a special java.util.Set into: sun.nio.ch.WindowsSelectorImpl@17c2267c
[TRACE] 30-03-2021 04:51:27.997 NioEventLoop - instrumented a special java.util.Set into: sun.nio.ch.WindowsSelectorImpl@314efeea
[TRACE] 30-03-2021 04:51:27.998 NioEventLoop - instrumented a special java.util.Set into: sun.nio.ch.WindowsSelectorImpl@7d17773b
[TRACE] 30-03-2021 04:51:28.001 NioEventLoop - instrumented a special java.util.Set into: sun.nio.ch.WindowsSelectorImpl@ba23464
[TRACE] 30-03-2021 04:51:28.002 NioEventLoop - instrumented a special java.util.Set into: sun.nio.ch.WindowsSelectorImpl@dd512aa
[TRACE] 30-03-2021 04:51:28.004 NioEventLoop - instrumented a special java.util.Set into: sun.nio.ch.WindowsSelectorImpl@4b2a0454
[TRACE] 30-03-2021 04:51:28.006 NioEventLoop - instrumented a special java.util.Set into: sun.nio.ch.WindowsSelectorImpl@d420ca5
[TRACE] 30-03-2021 04:51:28.008 NioEventLoop - instrumented a special java.util.Set into: sun.nio.ch.WindowsSelectorImpl@17d9087d
[TRACE] 30-03-2021 04:51:28.010 NioEventLoop - instrumented a special java.util.Set into: sun.nio.ch.WindowsSelectorImpl@323c086e
[TRACE] 30-03-2021 04:51:28.012 NioEventLoop - instrumented a special java.util.Set into: sun.nio.ch.WindowsSelectorImpl@292fb2d9
[TRACE] 30-03-2021 04:51:28.014 NioEventLoop - instrumented a special java.util.Set into: sun.nio.ch.WindowsSelectorImpl@3495a47d
[TRACE] 30-03-2021 04:51:28.016 NioEventLoop - instrumented a special java.util.Set into: sun.nio.ch.WindowsSelectorImpl@6bd0d872
[TRACE] 30-03-2021 04:51:28.017 NioEventLoop - instrumented a special java.util.Set into: sun.nio.ch.WindowsSelectorImpl@39fdc21e
[DEBUG] 30-03-2021 04:51:28.040 PooledByteBufAllocator - -Dio.netty.allocator.numHeapArenas: 16
[DEBUG] 30-03-2021 04:51:28.041 PooledByteBufAllocator - -Dio.netty.allocator.numDirectArenas: 16
[DEBUG] 30-03-2021 04:51:28.041 PooledByteBufAllocator - -Dio.netty.allocator.pageSize: 8192
[DEBUG] 30-03-2021 04:51:28.041 PooledByteBufAllocator - -Dio.netty.allocator.maxOrder: 11
[DEBUG] 30-03-2021 04:51:28.041 PooledByteBufAllocator - -Dio.netty.allocator.chunkSize: 16777216
[DEBUG] 30-03-2021 04:51:28.041 PooledByteBufAllocator - -Dio.netty.allocator.tinyCacheSize: 512
[DEBUG] 30-03-2021 04:51:28.041 PooledByteBufAllocator - -Dio.netty.allocator.smallCacheSize: 256
[DEBUG] 30-03-2021 04:51:28.041 PooledByteBufAllocator - -Dio.netty.allocator.normalCacheSize: 64
[DEBUG] 30-03-2021 04:51:28.041 PooledByteBufAllocator - -Dio.netty.allocator.maxCachedBufferCapacity: 32768
[DEBUG] 30-03-2021 04:51:28.041 PooledByteBufAllocator - -Dio.netty.allocator.cacheTrimInterval: 8192
[DEBUG] 30-03-2021 04:51:28.041 PooledByteBufAllocator - -Dio.netty.allocator.cacheTrimIntervalMillis: 0
[DEBUG] 30-03-2021 04:51:28.042 PooledByteBufAllocator - -Dio.netty.allocator.useCacheForAllThreads: true
[DEBUG] 30-03-2021 04:51:28.042 PooledByteBufAllocator - -Dio.netty.allocator.maxCachedByteBuffersPerChunk: 1023
[DEBUG] 30-03-2021 04:51:28.050 ByteBufUtil - -Dio.netty.allocator.type: pooled
[DEBUG] 30-03-2021 04:51:28.050 ByteBufUtil - -Dio.netty.threadLocalDirectBufferSize: 0
[DEBUG] 30-03-2021 04:51:28.050 ByteBufUtil - -Dio.netty.maxThreadLocalCharBufferSize: 16384
[DEBUG] 30-03-2021 04:51:29.097 DefaultChannelId - -Dio.netty.processId: 18232 (auto-detected)
[DEBUG] 30-03-2021 04:51:29.099 NetUtil - -Djava.net.preferIPv4Stack: false
[DEBUG] 30-03-2021 04:51:29.100 NetUtil - -Djava.net.preferIPv6Addresses: false
[DEBUG] 30-03-2021 04:51:29.108 NetUtil - Loopback interface: lo (Software Loopback Interface 1, 127.0.0.1)
[DEBUG] 30-03-2021 04:51:29.109 NetUtil - Failed to get SOMAXCONN from sysctl and file \proc\sys\net\core\somaxconn. Default: 200
[DEBUG] 30-03-2021 04:51:29.137 DefaultChannelId - -Dio.netty.machineId: 00:05:9a:ff:fe:3c:7a:00 (auto-detected)
[DEBUG] 30-03-2021 04:51:29.183 AbstractByteBuf - -Dio.netty.buffer.checkAccessible: true
[DEBUG] 30-03-2021 04:51:29.184 AbstractByteBuf - -Dio.netty.buffer.checkBounds: true
[DEBUG] 30-03-2021 04:51:29.184 ResourceLeakDetectorFactory - Loaded default ResourceLeakDetector: io.netty.util.ResourceLeakDetector@31ef295e
[DEBUG] 30-03-2021 04:51:29.211 Recycler - -Dio.netty.recycler.maxCapacityPerThread: 4096
[DEBUG] 30-03-2021 04:51:29.212 Recycler - -Dio.netty.recycler.maxSharedCapacityFactor: 2
[DEBUG] 30-03-2021 04:51:29.212 Recycler - -Dio.netty.recycler.linkCapacity: 16
[DEBUG] 30-03-2021 04:51:29.212 Recycler - -Dio.netty.recycler.ratio: 8
[DEBUG] 30-03-2021 04:51:30.922 ThreadLocalRandom - -Dio.netty.initialSeedUniquifier: 0x34488025cd40a082
[INFO ] 30-03-2021 04:51:31.108 TC_AddCustomerTest_003 - ********* starting TC_AddCustomerTest_003 *************
[INFO ] 30-03-2021 04:51:51.859 TC_AddCustomerTest_003 - *********Adding new customer *************
[INFO ] 30-03-2021 04:52:09.642 TC_AddCustomerTest_003 - ***************  Customer added succesfully *********** 
[INFO ] 30-03-2021 04:52:09.646 TC_AddCustomerTest_003 - ***************   TC_AddCustomerTest_003 Finished  *********** 
]]></system-out>
    <system-err><![CDATA[SLF4J: Failed to load class "org.slf4j.impl.StaticLoggerBinder".
SLF4J: Defaulting to no-operation (NOP) logger implementation
SLF4J: See http://www.slf4j.org/codes.html#StaticLoggerBinder for further details.
Starting ChromeDriver 89.0.4389.23 (61b08ee2c50024bab004e48d2b1b083cdbdac579-refs/branch-heads/4389@{#294}) on port 39620
Only local connections are allowed.
Please see https://chromedriver.chromium.org/security-considerations for suggestions on keeping ChromeDriver safe.
ChromeDriver was started successfully.
Mar 30, 2021 4:51:30 PM org.openqa.selenium.remote.ProtocolHandshake createSession
INFO: Detected dialect: W3C
]]></system-err>
  </testcase>
</testsuite>