<?xml version="1.0" encoding="UTF-8"?>
<!-- Generated by org.testng.reporters.JUnitReportReporter -->
<testsuite hostname="CTSHYD52094750" failures="0" tests="1" name="com.nopcommerce.testCases.TC_LoginTest_001" time="10.876" errors="0" timestamp="30 Mar 2021 14:14:50 GMT" skipped="0">
  <testcase classname="com.nopcommerce.testCases.TC_LoginTest_001" name="LoginTest" time="10.876"/>
</testsuite> <!-- com.nopcommerce.testCases.TC_LoginTest_001 -->
