<?xml version="1.0" encoding="UTF-8"?>
<!-- Generated by org.testng.reporters.JUnitReportReporter -->
<testsuite hostname="CTSHYD52094750" failures="0" tests="1" name="com.nopcommerce.testCases.TC_AddCustomerTest_003" time="33.379" errors="0" timestamp="30 Mar 2021 12:27:40 GMT" skipped="0">
  <testcase classname="com.nopcommerce.testCases.TC_AddCustomerTest_003" name="addnewcust" time="33.379"/>
</testsuite> <!-- com.nopcommerce.testCases.TC_AddCustomerTest_003 -->
