<?xml version="1.0" encoding="UTF-8"?>
<!-- Generated by org.testng.reporters.JUnitReportReporter -->
<testsuite hostname="CTSHYD52094750" failures="0" tests="1" name="com.nopcommerce.testCases.TC_AddCustomerTest_003" time="38.539" errors="0" timestamp="30 Mar 2021 11:22:11 GMT" skipped="0">
  <testcase classname="com.nopcommerce.testCases.TC_AddCustomerTest_003" name="addnewcust" time="38.539"/>
</testsuite> <!-- com.nopcommerce.testCases.TC_AddCustomerTest_003 -->
